<?xml version="1.0" encoding="UTF-8"?>
<testsuite xmlns:xsi="http://www.w3.org/2001/XMLSchema-instance" xsi:noNamespaceSchemaLocation="https://maven.apache.org/surefire/maven-surefire-plugin/xsd/surefire-test-report-3.0.xsd" version="3.0" name="com.mycompany.portfolio_of_evidence_poe.LoginTest" time="4.337" tests="7" errors="0" skipped="0" failures="0">
  <properties>
[...]
</properties>
  <testcase name="testCheckUsernameFormat" classname="com.mycompany.portfolio_of_evidence_poe.LoginTest" time="1.379">
    <system-out><![CDATA[UsernameFormatValidation
Loading user: [nu_, @#Vun3n3, Vunene, Hlungwani, 0713567594]
Loading user: [se_di, @L3s3di#, Lesedi, Motlatlole, +27978403852]
Loading user: [_mire, @Ad1m1r3, Vunwe, Admire, 0639854933]
Loading user: [jos_y, @Jossy_So11y, Josephine, Hlungwani, 0713904572]
Loading user: [k_bo, #Kayr@yb0, Karabo, Mokwena, +27884963245]
Loading user: [mil_e, @Mol3mo200#, Molemo, Molefe, 0739662432]
Loaded user: se_di -> Lesedi Motlatlole
Loaded user: jos_y -> Josephine Hlungwani
Loaded user: _mire -> Vunwe Admire
Loaded user: k_bo -> Karabo Mokwena
Loaded user: mil_e -> Molemo Molefe
Loaded user: nu_ -> Vunene Hlungwani
Loading user: [nu_, @#Vun3n3, Vunene, Hlungwani, 0713567594]
Loading user: [se_di, @L3s3di#, Lesedi, Motlatlole, +27978403852]
Loading user: [_mire, @Ad1m1r3, Vunwe, Admire, 0639854933]
Loading user: [jos_y, @Jossy_So11y, Josephine, Hlungwani, 0713904572]
Loading user: [k_bo, #Kayr@yb0, Karabo, Mokwena, +27884963245]
Loading user: [mil_e, @Mol3mo200#, Molemo, Molefe, 0739662432]
Loaded user: se_di -> Lesedi Motlatlole
Loaded user: jos_y -> Josephine Hlungwani
Loaded user: _mire -> Vunwe Admire
Loaded user: k_bo -> Karabo Mokwena
Loaded user: mil_e -> Molemo Molefe
Loaded user: nu_ -> Vunene Hlungwani
Loading user: [nu_, @#Vun3n3, Vunene, Hlungwani, 0713567594]
Loading user: [se_di, @L3s3di#, Lesedi, Motlatlole, +27978403852]
Loading user: [_mire, @Ad1m1r3, Vunwe, Admire, 0639854933]
Loading user: [jos_y, @Jossy_So11y, Josephine, Hlungwani, 0713904572]
Loading user: [k_bo, #Kayr@yb0, Karabo, Mokwena, +27884963245]
Loading user: [mil_e, @Mol3mo200#, Molemo, Molefe, 0739662432]
Loaded user: se_di -> Lesedi Motlatlole
Loaded user: jos_y -> Josephine Hlungwani
Loaded user: _mire -> Vunwe Admire
Loaded user: k_bo -> Karabo Mokwena
Loaded user: mil_e -> Molemo Molefe
Loaded user: nu_ -> Vunene Hlungwani
Loading user: [nu_, @#Vun3n3, Vunene, Hlungwani, 0713567594]
Loading user: [se_di, @L3s3di#, Lesedi, Motlatlole, +27978403852]
Loading user: [_mire, @Ad1m1r3, Vunwe, Admire, 0639854933]
Loading user: [jos_y, @Jossy_So11y, Josephine, Hlungwani, 0713904572]
Loading user: [k_bo, #Kayr@yb0, Karabo, Mokwena, +27884963245]
Loading user: [mil_e, @Mol3mo200#, Molemo, Molefe, 0739662432]
Loaded user: se_di -> Lesedi Motlatlole
Loaded user: jos_y -> Josephine Hlungwani
Loaded user: _mire -> Vunwe Admire
Loaded user: k_bo -> Karabo Mokwena
Loaded user: mil_e -> Molemo Molefe
Loaded user: nu_ -> Vunene Hlungwani
Loading user: [nu_, @#Vun3n3, Vunene, Hlungwani, 0713567594]
Loading user: [se_di, @L3s3di#, Lesedi, Motlatlole, +27978403852]
Loading user: [_mire, @Ad1m1r3, Vunwe, Admire, 0639854933]
Loading user: [jos_y, @Jossy_So11y, Josephine, Hlungwani, 0713904572]
Loading user: [k_bo, #Kayr@yb0, Karabo, Mokwena, +27884963245]
Loading user: [mil_e, @Mol3mo200#, Molemo, Molefe, 0739662432]
Loaded user: se_di -> Lesedi Motlatlole
Loaded user: jos_y -> Josephine Hlungwani
Loaded user: _mire -> Vunwe Admire
Loaded user: k_bo -> Karabo Mokwena
Loaded user: mil_e -> Molemo Molefe
Loaded user: nu_ -> Vunene Hlungwani
Loading user: [nu_, @#Vun3n3, Vunene, Hlungwani, 0713567594]
Loading user: [se_di, @L3s3di#, Lesedi, Motlatlole, +27978403852]
Loading user: [_mire, @Ad1m1r3, Vunwe, Admire, 0639854933]
Loading user: [jos_y, @Jossy_So11y, Josephine, Hlungwani, 0713904572]
Loading user: [k_bo, #Kayr@yb0, Karabo, Mokwena, +27884963245]
Loading user: [mil_e, @Mol3mo200#, Molemo, Molefe, 0739662432]
Loaded user: se_di -> Lesedi Motlatlole
Loaded user: jos_y -> Josephine Hlungwani
Loaded user: _mire -> Vunwe Admire
Loaded user: k_bo -> Karabo Mokwena
Loaded user: mil_e -> Molemo Molefe
Loaded user: nu_ -> Vunene Hlungwani
Loading user: [nu_, @#Vun3n3, Vunene, Hlungwani, 0713567594]
Loading user: [se_di, @L3s3di#, Lesedi, Motlatlole, +27978403852]
Loading user: [_mire, @Ad1m1r3, Vunwe, Admire, 0639854933]
Loading user: [jos_y, @Jossy_So11y, Josephine, Hlungwani, 0713904572]
Loading user: [k_bo, #Kayr@yb0, Karabo, Mokwena, +27884963245]
Loading user: [mil_e, @Mol3mo200#, Molemo, Molefe, 0739662432]
Loaded user: se_di -> Lesedi Motlatlole
Loaded user: jos_y -> Josephine Hlungwani
Loaded user: _mire -> Vunwe Admire
Loaded user: k_bo -> Karabo Mokwena
Loaded user: mil_e -> Molemo Molefe
Loaded user: nu_ -> Vunene Hlungwani
Valid case '_abc': true
Loading user: [nu_, @#Vun3n3, Vunene, Hlungwani, 0713567594]
Loading user: [se_di, @L3s3di#, Lesedi, Motlatlole, +27978403852]
Loading user: [_mire, @Ad1m1r3, Vunwe, Admire, 0639854933]
Loading user: [jos_y, @Jossy_So11y, Josephine, Hlungwani, 0713904572]
Loading user: [k_bo, #Kayr@yb0, Karabo, Mokwena, +27884963245]
Loading user: [mil_e, @Mol3mo200#, Molemo, Molefe, 0739662432]
Loaded user: se_di -> Lesedi Motlatlole
Loaded user: jos_y -> Josephine Hlungwani
Loaded user: _mire -> Vunwe Admire
Loaded user: k_bo -> Karabo Mokwena
Loaded user: mil_e -> Molemo Molefe
Loaded user: nu_ -> Vunene Hlungwani
Too long case 'long_user': false
]]></system-out>
  </testcase>
  <testcase name="testCheckUsername" classname="com.mycompany.portfolio_of_evidence_poe.LoginTest" time="0.09">
    <system-out><![CDATA[checkUsername
Loading user: [nu_, @#Vun3n3, Vunene, Hlungwani, 0713567594]
Loading user: [se_di, @L3s3di#, Lesedi, Motlatlole, +27978403852]
Loading user: [_mire, @Ad1m1r3, Vunwe, Admire, 0639854933]
Loading user: [jos_y, @Jossy_So11y, Josephine, Hlungwani, 0713904572]
Loading user: [k_bo, #Kayr@yb0, Karabo, Mokwena, +27884963245]
Loading user: [mil_e, @Mol3mo200#, Molemo, Molefe, 0739662432]
Loaded user: se_di -> Lesedi Motlatlole
Loaded user: jos_y -> Josephine Hlungwani
Loaded user: _mire -> Vunwe Admire
Loaded user: k_bo -> Karabo Mokwena
Loaded user: mil_e -> Molemo Molefe
Loaded user: nu_ -> Vunene Hlungwani
]]></system-out>
  </testcase>
  <testcase name="testCheckCellphoneNumber" classname="com.mycompany.portfolio_of_evidence_poe.LoginTest" time="1.15">
    <system-out><![CDATA[CellphoneNumberValidation
Loading user: [nu_, @#Vun3n3, Vunene, Hlungwani, 0713567594]
Loading user: [se_di, @L3s3di#, Lesedi, Motlatlole, +27978403852]
Loading user: [_mire, @Ad1m1r3, Vunwe, Admire, 0639854933]
Loading user: [jos_y, @Jossy_So11y, Josephine, Hlungwani, 0713904572]
Loading user: [k_bo, #Kayr@yb0, Karabo, Mokwena, +27884963245]
Loading user: [mil_e, @Mol3mo200#, Molemo, Molefe, 0739662432]
Loaded user: se_di -> Lesedi Motlatlole
Loaded user: jos_y -> Josephine Hlungwani
Loaded user: _mire -> Vunwe Admire
Loaded user: k_bo -> Karabo Mokwena
Loaded user: mil_e -> Molemo Molefe
Loaded user: nu_ -> Vunene Hlungwani
Loading user: [nu_, @#Vun3n3, Vunene, Hlungwani, 0713567594]
Loading user: [se_di, @L3s3di#, Lesedi, Motlatlole, +27978403852]
Loading user: [_mire, @Ad1m1r3, Vunwe, Admire, 0639854933]
Loading user: [jos_y, @Jossy_So11y, Josephine, Hlungwani, 0713904572]
Loading user: [k_bo, #Kayr@yb0, Karabo, Mokwena, +27884963245]
Loading user: [mil_e, @Mol3mo200#, Molemo, Molefe, 0739662432]
Loaded user: se_di -> Lesedi Motlatlole
Loaded user: jos_y -> Josephine Hlungwani
Loaded user: _mire -> Vunwe Admire
Loaded user: k_bo -> Karabo Mokwena
Loaded user: mil_e -> Molemo Molefe
Loaded user: nu_ -> Vunene Hlungwani
Loading user: [nu_, @#Vun3n3, Vunene, Hlungwani, 0713567594]
Loading user: [se_di, @L3s3di#, Lesedi, Motlatlole, +27978403852]
Loading user: [_mire, @Ad1m1r3, Vunwe, Admire, 0639854933]
Loading user: [jos_y, @Jossy_So11y, Josephine, Hlungwani, 0713904572]
Loading user: [k_bo, #Kayr@yb0, Karabo, Mokwena, +27884963245]
Loading user: [mil_e, @Mol3mo200#, Molemo, Molefe, 0739662432]
Loaded user: se_di -> Lesedi Motlatlole
Loaded user: jos_y -> Josephine Hlungwani
Loaded user: _mire -> Vunwe Admire
Loaded user: k_bo -> Karabo Mokwena
Loaded user: mil_e -> Molemo Molefe
Loaded user: nu_ -> Vunene Hlungwani
Loading user: [nu_, @#Vun3n3, Vunene, Hlungwani, 0713567594]
Loading user: [se_di, @L3s3di#, Lesedi, Motlatlole, +27978403852]
Loading user: [_mire, @Ad1m1r3, Vunwe, Admire, 0639854933]
Loading user: [jos_y, @Jossy_So11y, Josephine, Hlungwani, 0713904572]
Loading user: [k_bo, #Kayr@yb0, Karabo, Mokwena, +27884963245]
Loading user: [mil_e, @Mol3mo200#, Molemo, Molefe, 0739662432]
Loaded user: se_di -> Lesedi Motlatlole
Loaded user: jos_y -> Josephine Hlungwani
Loaded user: _mire -> Vunwe Admire
Loaded user: k_bo -> Karabo Mokwena
Loaded user: mil_e -> Molemo Molefe
Loaded user: nu_ -> Vunene Hlungwani
Loading user: [nu_, @#Vun3n3, Vunene, Hlungwani, 0713567594]
Loading user: [se_di, @L3s3di#, Lesedi, Motlatlole, +27978403852]
Loading user: [_mire, @Ad1m1r3, Vunwe, Admire, 0639854933]
Loading user: [jos_y, @Jossy_So11y, Josephine, Hlungwani, 0713904572]
Loading user: [k_bo, #Kayr@yb0, Karabo, Mokwena, +27884963245]
Loading user: [mil_e, @Mol3mo200#, Molemo, Molefe, 0739662432]
Loaded user: se_di -> Lesedi Motlatlole
Loaded user: jos_y -> Josephine Hlungwani
Loaded user: _mire -> Vunwe Admire
Loaded user: k_bo -> Karabo Mokwena
Loaded user: mil_e -> Molemo Molefe
Loaded user: nu_ -> Vunene Hlungwani
Loading user: [nu_, @#Vun3n3, Vunene, Hlungwani, 0713567594]
Loading user: [se_di, @L3s3di#, Lesedi, Motlatlole, +27978403852]
Loading user: [_mire, @Ad1m1r3, Vunwe, Admire, 0639854933]
Loading user: [jos_y, @Jossy_So11y, Josephine, Hlungwani, 0713904572]
Loading user: [k_bo, #Kayr@yb0, Karabo, Mokwena, +27884963245]
Loading user: [mil_e, @Mol3mo200#, Molemo, Molefe, 0739662432]
Loaded user: se_di -> Lesedi Motlatlole
Loaded user: jos_y -> Josephine Hlungwani
Loaded user: _mire -> Vunwe Admire
Loaded user: k_bo -> Karabo Mokwena
Loaded user: mil_e -> Molemo Molefe
Loaded user: nu_ -> Vunene Hlungwani
Loading user: [nu_, @#Vun3n3, Vunene, Hlungwani, 0713567594]
Loading user: [se_di, @L3s3di#, Lesedi, Motlatlole, +27978403852]
Loading user: [_mire, @Ad1m1r3, Vunwe, Admire, 0639854933]
Loading user: [jos_y, @Jossy_So11y, Josephine, Hlungwani, 0713904572]
Loading user: [k_bo, #Kayr@yb0, Karabo, Mokwena, +27884963245]
Loading user: [mil_e, @Mol3mo200#, Molemo, Molefe, 0739662432]
Loaded user: se_di -> Lesedi Motlatlole
Loaded user: jos_y -> Josephine Hlungwani
Loaded user: _mire -> Vunwe Admire
Loaded user: k_bo -> Karabo Mokwena
Loaded user: mil_e -> Molemo Molefe
Loaded user: nu_ -> Vunene Hlungwani
Loading user: [nu_, @#Vun3n3, Vunene, Hlungwani, 0713567594]
Loading user: [se_di, @L3s3di#, Lesedi, Motlatlole, +27978403852]
Loading user: [_mire, @Ad1m1r3, Vunwe, Admire, 0639854933]
Loading user: [jos_y, @Jossy_So11y, Josephine, Hlungwani, 0713904572]
Loading user: [k_bo, #Kayr@yb0, Karabo, Mokwena, +27884963245]
Loading user: [mil_e, @Mol3mo200#, Molemo, Molefe, 0739662432]
Loaded user: se_di -> Lesedi Motlatlole
Loaded user: jos_y -> Josephine Hlungwani
Loaded user: _mire -> Vunwe Admire
Loaded user: k_bo -> Karabo Mokwena
Loaded user: mil_e -> Molemo Molefe
Loaded user: nu_ -> Vunene Hlungwani
Valid number (+27123456789): true
Loading user: [nu_, @#Vun3n3, Vunene, Hlungwani, 0713567594]
Loading user: [se_di, @L3s3di#, Lesedi, Motlatlole, +27978403852]
Loading user: [_mire, @Ad1m1r3, Vunwe, Admire, 0639854933]
Loading user: [jos_y, @Jossy_So11y, Josephine, Hlungwani, 0713904572]
Loading user: [k_bo, #Kayr@yb0, Karabo, Mokwena, +27884963245]
Loading user: [mil_e, @Mol3mo200#, Molemo, Molefe, 0739662432]
Loaded user: se_di -> Lesedi Motlatlole
Loaded user: jos_y -> Josephine Hlungwani
Loaded user: _mire -> Vunwe Admire
Loaded user: k_bo -> Karabo Mokwena
Loaded user: mil_e -> Molemo Molefe
Loaded user: nu_ -> Vunene Hlungwani
Valid number (0123456789): true
Loading user: [nu_, @#Vun3n3, Vunene, Hlungwani, 0713567594]
Loading user: [se_di, @L3s3di#, Lesedi, Motlatlole, +27978403852]
Loading user: [_mire, @Ad1m1r3, Vunwe, Admire, 0639854933]
Loading user: [jos_y, @Jossy_So11y, Josephine, Hlungwani, 0713904572]
Loading user: [k_bo, #Kayr@yb0, Karabo, Mokwena, +27884963245]
Loading user: [mil_e, @Mol3mo200#, Molemo, Molefe, 0739662432]
Loaded user: se_di -> Lesedi Motlatlole
Loaded user: jos_y -> Josephine Hlungwani
Loaded user: _mire -> Vunwe Admire
Loaded user: k_bo -> Karabo Mokwena
Loaded user: mil_e -> Molemo Molefe
Loaded user: nu_ -> Vunene Hlungwani
Wrong country code (+28123456789): false
Loading user: [nu_, @#Vun3n3, Vunene, Hlungwani, 0713567594]
Loading user: [se_di, @L3s3di#, Lesedi, Motlatlole, +27978403852]
Loading user: [_mire, @Ad1m1r3, Vunwe, Admire, 0639854933]
Loading user: [jos_y, @Jossy_So11y, Josephine, Hlungwani, 0713904572]
Loading user: [k_bo, #Kayr@yb0, Karabo, Mokwena, +27884963245]
Loading user: [mil_e, @Mol3mo200#, Molemo, Molefe, 0739662432]
Loaded user: se_di -> Lesedi Motlatlole
Loaded user: jos_y -> Josephine Hlungwani
Loaded user: _mire -> Vunwe Admire
Loaded user: k_bo -> Karabo Mokwena
Loaded user: mil_e -> Molemo Molefe
Loaded user: nu_ -> Vunene Hlungwani
Missing leading '0' or '+27' (123456789): false
Loading user: [nu_, @#Vun3n3, Vunene, Hlungwani, 0713567594]
Loading user: [se_di, @L3s3di#, Lesedi, Motlatlole, +27978403852]
Loading user: [_mire, @Ad1m1r3, Vunwe, Admire, 0639854933]
Loading user: [jos_y, @Jossy_So11y, Josephine, Hlungwani, 0713904572]
Loading user: [k_bo, #Kayr@yb0, Karabo, Mokwena, +27884963245]
Loading user: [mil_e, @Mol3mo200#, Molemo, Molefe, 0739662432]
Loaded user: se_di -> Lesedi Motlatlole
Loaded user: jos_y -> Josephine Hlungwani
Loaded user: _mire -> Vunwe Admire
Loaded user: k_bo -> Karabo Mokwena
Loaded user: mil_e -> Molemo Molefe
Loaded user: nu_ -> Vunene Hlungwani
Too few digits (+2712345678): false
]]></system-out>
  </testcase>
  <testcase name="testLoginStatus" classname="com.mycompany.portfolio_of_evidence_poe.LoginTest" time="0.419">
    <system-out><![CDATA[LoginStatus
Loading user: [nu_, @#Vun3n3, Vunene, Hlungwani, 0713567594]
Loading user: [se_di, @L3s3di#, Lesedi, Motlatlole, +27978403852]
Loading user: [_mire, @Ad1m1r3, Vunwe, Admire, 0639854933]
Loading user: [jos_y, @Jossy_So11y, Josephine, Hlungwani, 0713904572]
Loading user: [k_bo, #Kayr@yb0, Karabo, Mokwena, +27884963245]
Loading user: [mil_e, @Mol3mo200#, Molemo, Molefe, 0739662432]
Loaded user: se_di -> Lesedi Motlatlole
Loaded user: jos_y -> Josephine Hlungwani
Loaded user: _mire -> Vunwe Admire
Loaded user: k_bo -> Karabo Mokwena
Loaded user: mil_e -> Molemo Molefe
Loaded user: nu_ -> Vunene Hlungwani
User found: [nu_, @#Vun3n3, Vunene, Hlungwani, 0713567594]
Entered password: @#Vun3n3
Checking user: nu_
All stored usernames: [se_di, jos_y, _mire, k_bo, mil_e, nu_]
Retrieved user info: [nu_, @#Vun3n3, Vunene, Hlungwani, 0713567594]
Loading user: [nu_, @#Vun3n3, Vunene, Hlungwani, 0713567594]
Loading user: [se_di, @L3s3di#, Lesedi, Motlatlole, +27978403852]
Loading user: [_mire, @Ad1m1r3, Vunwe, Admire, 0639854933]
Loading user: [jos_y, @Jossy_So11y, Josephine, Hlungwani, 0713904572]
Loading user: [k_bo, #Kayr@yb0, Karabo, Mokwena, +27884963245]
Loading user: [mil_e, @Mol3mo200#, Molemo, Molefe, 0739662432]
Loaded user: se_di -> Lesedi Motlatlole
Loaded user: jos_y -> Josephine Hlungwani
Loaded user: _mire -> Vunwe Admire
Loaded user: k_bo -> Karabo Mokwena
Loaded user: mil_e -> Molemo Molefe
Loaded user: nu_ -> Vunene Hlungwani
User not found in map! Login attempt failed.
Checking user: m_u
All stored usernames: [se_di, jos_y, _mire, k_bo, mil_e, nu_]
User not found in map!
Loading user: [nu_, @#Vun3n3, Vunene, Hlungwani, 0713567594]
Loading user: [se_di, @L3s3di#, Lesedi, Motlatlole, +27978403852]
Loading user: [_mire, @Ad1m1r3, Vunwe, Admire, 0639854933]
Loading user: [jos_y, @Jossy_So11y, Josephine, Hlungwani, 0713904572]
Loading user: [k_bo, #Kayr@yb0, Karabo, Mokwena, +27884963245]
Loading user: [mil_e, @Mol3mo200#, Molemo, Molefe, 0739662432]
Loaded user: se_di -> Lesedi Motlatlole
Loaded user: jos_y -> Josephine Hlungwani
Loaded user: _mire -> Vunwe Admire
Loaded user: k_bo -> Karabo Mokwena
Loaded user: mil_e -> Molemo Molefe
Loaded user: nu_ -> Vunene Hlungwani
Loading user: [nu_, @#Vun3n3, Vunene, Hlungwani, 0713567594]
Loading user: [se_di, @L3s3di#, Lesedi, Motlatlole, +27978403852]
Loading user: [_mire, @Ad1m1r3, Vunwe, Admire, 0639854933]
Loading user: [jos_y, @Jossy_So11y, Josephine, Hlungwani, 0713904572]
Loading user: [k_bo, #Kayr@yb0, Karabo, Mokwena, +27884963245]
Loading user: [mil_e, @Mol3mo200#, Molemo, Molefe, 0739662432]
Loaded user: se_di -> Lesedi Motlatlole
Loaded user: jos_y -> Josephine Hlungwani
Loaded user: _mire -> Vunwe Admire
Loaded user: k_bo -> Karabo Mokwena
Loaded user: mil_e -> Molemo Molefe
Loaded user: nu_ -> Vunene Hlungwani
Loading user: [nu_, @#Vun3n3, Vunene, Hlungwani, 0713567594]
Loading user: [se_di, @L3s3di#, Lesedi, Motlatlole, +27978403852]
Loading user: [_mire, @Ad1m1r3, Vunwe, Admire, 0639854933]
Loading user: [jos_y, @Jossy_So11y, Josephine, Hlungwani, 0713904572]
Loading user: [k_bo, #Kayr@yb0, Karabo, Mokwena, +27884963245]
Loading user: [mil_e, @Mol3mo200#, Molemo, Molefe, 0739662432]
Loaded user: se_di -> Lesedi Motlatlole
Loaded user: jos_y -> Josephine Hlungwani
Loaded user: _mire -> Vunwe Admire
Loaded user: k_bo -> Karabo Mokwena
Loaded user: mil_e -> Molemo Molefe
Loaded user: nu_ -> Vunene Hlungwani
]]></system-out>
  </testcase>
  <testcase name="testCheckPasswordFormat" classname="com.mycompany.portfolio_of_evidence_poe.LoginTest" time="1.027">
    <system-out><![CDATA[PasswordFormatValidation
Loading user: [nu_, @#Vun3n3, Vunene, Hlungwani, 0713567594]
Loading user: [se_di, @L3s3di#, Lesedi, Motlatlole, +27978403852]
Loading user: [_mire, @Ad1m1r3, Vunwe, Admire, 0639854933]
Loading user: [jos_y, @Jossy_So11y, Josephine, Hlungwani, 0713904572]
Loading user: [k_bo, #Kayr@yb0, Karabo, Mokwena, +27884963245]
Loading user: [mil_e, @Mol3mo200#, Molemo, Molefe, 0739662432]
Loaded user: se_di -> Lesedi Motlatlole
Loaded user: jos_y -> Josephine Hlungwani
Loaded user: _mire -> Vunwe Admire
Loaded user: k_bo -> Karabo Mokwena
Loaded user: mil_e -> Molemo Molefe
Loaded user: nu_ -> Vunene Hlungwani
Loading user: [nu_, @#Vun3n3, Vunene, Hlungwani, 0713567594]
Loading user: [se_di, @L3s3di#, Lesedi, Motlatlole, +27978403852]
Loading user: [_mire, @Ad1m1r3, Vunwe, Admire, 0639854933]
Loading user: [jos_y, @Jossy_So11y, Josephine, Hlungwani, 0713904572]
Loading user: [k_bo, #Kayr@yb0, Karabo, Mokwena, +27884963245]
Loading user: [mil_e, @Mol3mo200#, Molemo, Molefe, 0739662432]
Loaded user: se_di -> Lesedi Motlatlole
Loaded user: jos_y -> Josephine Hlungwani
Loaded user: _mire -> Vunwe Admire
Loaded user: k_bo -> Karabo Mokwena
Loaded user: mil_e -> Molemo Molefe
Loaded user: nu_ -> Vunene Hlungwani
Loading user: [nu_, @#Vun3n3, Vunene, Hlungwani, 0713567594]
Loading user: [se_di, @L3s3di#, Lesedi, Motlatlole, +27978403852]
Loading user: [_mire, @Ad1m1r3, Vunwe, Admire, 0639854933]
Loading user: [jos_y, @Jossy_So11y, Josephine, Hlungwani, 0713904572]
Loading user: [k_bo, #Kayr@yb0, Karabo, Mokwena, +27884963245]
Loading user: [mil_e, @Mol3mo200#, Molemo, Molefe, 0739662432]
Loaded user: se_di -> Lesedi Motlatlole
Loaded user: jos_y -> Josephine Hlungwani
Loaded user: _mire -> Vunwe Admire
Loaded user: k_bo -> Karabo Mokwena
Loaded user: mil_e -> Molemo Molefe
Loaded user: nu_ -> Vunene Hlungwani
Loading user: [nu_, @#Vun3n3, Vunene, Hlungwani, 0713567594]
Loading user: [se_di, @L3s3di#, Lesedi, Motlatlole, +27978403852]
Loading user: [_mire, @Ad1m1r3, Vunwe, Admire, 0639854933]
Loading user: [jos_y, @Jossy_So11y, Josephine, Hlungwani, 0713904572]
Loading user: [k_bo, #Kayr@yb0, Karabo, Mokwena, +27884963245]
Loading user: [mil_e, @Mol3mo200#, Molemo, Molefe, 0739662432]
Loaded user: se_di -> Lesedi Motlatlole
Loaded user: jos_y -> Josephine Hlungwani
Loaded user: _mire -> Vunwe Admire
Loaded user: k_bo -> Karabo Mokwena
Loaded user: mil_e -> Molemo Molefe
Loaded user: nu_ -> Vunene Hlungwani
Loading user: [nu_, @#Vun3n3, Vunene, Hlungwani, 0713567594]
Loading user: [se_di, @L3s3di#, Lesedi, Motlatlole, +27978403852]
Loading user: [_mire, @Ad1m1r3, Vunwe, Admire, 0639854933]
Loading user: [jos_y, @Jossy_So11y, Josephine, Hlungwani, 0713904572]
Loading user: [k_bo, #Kayr@yb0, Karabo, Mokwena, +27884963245]
Loading user: [mil_e, @Mol3mo200#, Molemo, Molefe, 0739662432]
Loaded user: se_di -> Lesedi Motlatlole
Loaded user: jos_y -> Josephine Hlungwani
Loaded user: _mire -> Vunwe Admire
Loaded user: k_bo -> Karabo Mokwena
Loaded user: mil_e -> Molemo Molefe
Loaded user: nu_ -> Vunene Hlungwani
Loading user: [nu_, @#Vun3n3, Vunene, Hlungwani, 0713567594]
Loading user: [se_di, @L3s3di#, Lesedi, Motlatlole, +27978403852]
Loading user: [_mire, @Ad1m1r3, Vunwe, Admire, 0639854933]
Loading user: [jos_y, @Jossy_So11y, Josephine, Hlungwani, 0713904572]
Loading user: [k_bo, #Kayr@yb0, Karabo, Mokwena, +27884963245]
Loading user: [mil_e, @Mol3mo200#, Molemo, Molefe, 0739662432]
Loaded user: se_di -> Lesedi Motlatlole
Loaded user: jos_y -> Josephine Hlungwani
Loaded user: _mire -> Vunwe Admire
Loaded user: k_bo -> Karabo Mokwena
Loaded user: mil_e -> Molemo Molefe
Loaded user: nu_ -> Vunene Hlungwani
Loading user: [nu_, @#Vun3n3, Vunene, Hlungwani, 0713567594]
Loading user: [se_di, @L3s3di#, Lesedi, Motlatlole, +27978403852]
Loading user: [_mire, @Ad1m1r3, Vunwe, Admire, 0639854933]
Loading user: [jos_y, @Jossy_So11y, Josephine, Hlungwani, 0713904572]
Loading user: [k_bo, #Kayr@yb0, Karabo, Mokwena, +27884963245]
Loading user: [mil_e, @Mol3mo200#, Molemo, Molefe, 0739662432]
Loaded user: se_di -> Lesedi Motlatlole
Loaded user: jos_y -> Josephine Hlungwani
Loaded user: _mire -> Vunwe Admire
Loaded user: k_bo -> Karabo Mokwena
Loaded user: mil_e -> Molemo Molefe
Loaded user: nu_ -> Vunene Hlungwani
Valid password: true
Loading user: [nu_, @#Vun3n3, Vunene, Hlungwani, 0713567594]
Loading user: [se_di, @L3s3di#, Lesedi, Motlatlole, +27978403852]
Loading user: [_mire, @Ad1m1r3, Vunwe, Admire, 0639854933]
Loading user: [jos_y, @Jossy_So11y, Josephine, Hlungwani, 0713904572]
Loading user: [k_bo, #Kayr@yb0, Karabo, Mokwena, +27884963245]
Loading user: [mil_e, @Mol3mo200#, Molemo, Molefe, 0739662432]
Loaded user: se_di -> Lesedi Motlatlole
Loaded user: jos_y -> Josephine Hlungwani
Loaded user: _mire -> Vunwe Admire
Loaded user: k_bo -> Karabo Mokwena
Loaded user: mil_e -> Molemo Molefe
Loaded user: nu_ -> Vunene Hlungwani
Weak password (missing special char & number): false
Loading user: [nu_, @#Vun3n3, Vunene, Hlungwani, 0713567594]
Loading user: [se_di, @L3s3di#, Lesedi, Motlatlole, +27978403852]
Loading user: [_mire, @Ad1m1r3, Vunwe, Admire, 0639854933]
Loading user: [jos_y, @Jossy_So11y, Josephine, Hlungwani, 0713904572]
Loading user: [k_bo, #Kayr@yb0, Karabo, Mokwena, +27884963245]
Loading user: [mil_e, @Mol3mo200#, Molemo, Molefe, 0739662432]
Loaded user: se_di -> Lesedi Motlatlole
Loaded user: jos_y -> Josephine Hlungwani
Loaded user: _mire -> Vunwe Admire
Loaded user: k_bo -> Karabo Mokwena
Loaded user: mil_e -> Molemo Molefe
Loaded user: nu_ -> Vunene Hlungwani
No number: false
Loading user: [nu_, @#Vun3n3, Vunene, Hlungwani, 0713567594]
Loading user: [se_di, @L3s3di#, Lesedi, Motlatlole, +27978403852]
Loading user: [_mire, @Ad1m1r3, Vunwe, Admire, 0639854933]
Loading user: [jos_y, @Jossy_So11y, Josephine, Hlungwani, 0713904572]
Loading user: [k_bo, #Kayr@yb0, Karabo, Mokwena, +27884963245]
Loading user: [mil_e, @Mol3mo200#, Molemo, Molefe, 0739662432]
Loaded user: se_di -> Lesedi Motlatlole
Loaded user: jos_y -> Josephine Hlungwani
Loaded user: _mire -> Vunwe Admire
Loaded user: k_bo -> Karabo Mokwena
Loaded user: mil_e -> Molemo Molefe
Loaded user: nu_ -> Vunene Hlungwani
No special character: false
Loading user: [nu_, @#Vun3n3, Vunene, Hlungwani, 0713567594]
Loading user: [se_di, @L3s3di#, Lesedi, Motlatlole, +27978403852]
Loading user: [_mire, @Ad1m1r3, Vunwe, Admire, 0639854933]
Loading user: [jos_y, @Jossy_So11y, Josephine, Hlungwani, 0713904572]
Loading user: [k_bo, #Kayr@yb0, Karabo, Mokwena, +27884963245]
Loading user: [mil_e, @Mol3mo200#, Molemo, Molefe, 0739662432]
Loaded user: se_di -> Lesedi Motlatlole
Loaded user: jos_y -> Josephine Hlungwani
Loaded user: _mire -> Vunwe Admire
Loaded user: k_bo -> Karabo Mokwena
Loaded user: mil_e -> Molemo Molefe
Loaded user: nu_ -> Vunene Hlungwani
Too short: false
]]></system-out>
  </testcase>
  <testcase name="testCheckPassword" classname="com.mycompany.portfolio_of_evidence_poe.LoginTest" time="0.078">
    <system-out><![CDATA[checkPassword
Loading user: [nu_, @#Vun3n3, Vunene, Hlungwani, 0713567594]
Loading user: [se_di, @L3s3di#, Lesedi, Motlatlole, +27978403852]
Loading user: [_mire, @Ad1m1r3, Vunwe, Admire, 0639854933]
Loading user: [jos_y, @Jossy_So11y, Josephine, Hlungwani, 0713904572]
Loading user: [k_bo, #Kayr@yb0, Karabo, Mokwena, +27884963245]
Loading user: [mil_e, @Mol3mo200#, Molemo, Molefe, 0739662432]
Loaded user: se_di -> Lesedi Motlatlole
Loaded user: jos_y -> Josephine Hlungwani
Loaded user: _mire -> Vunwe Admire
Loaded user: k_bo -> Karabo Mokwena
Loaded user: mil_e -> Molemo Molefe
Loaded user: nu_ -> Vunene Hlungwani
]]></system-out>
  </testcase>
  <testcase name="testGetCellPhoneNumber" classname="com.mycompany.portfolio_of_evidence_poe.LoginTest" time="0.11">
    <system-out><![CDATA[getCellPhoneNumber
Loading user: [nu_, @#Vun3n3, Vunene, Hlungwani, 0713567594]
Loading user: [se_di, @L3s3di#, Lesedi, Motlatlole, +27978403852]
Loading user: [_mire, @Ad1m1r3, Vunwe, Admire, 0639854933]
Loading user: [jos_y, @Jossy_So11y, Josephine, Hlungwani, 0713904572]
Loading user: [k_bo, #Kayr@yb0, Karabo, Mokwena, +27884963245]
Loading user: [mil_e, @Mol3mo200#, Molemo, Molefe, 0739662432]
Loaded user: se_di -> Lesedi Motlatlole
Loaded user: jos_y -> Josephine Hlungwani
Loaded user: _mire -> Vunwe Admire
Loaded user: k_bo -> Karabo Mokwena
Loaded user: mil_e -> Molemo Molefe
Loaded user: nu_ -> Vunene Hlungwani
]]></system-out>
  </testcase>
</testsuite>