<?xml version="1.0" encoding="UTF-8"?>
<testsuite xmlns:xsi="http://www.w3.org/2001/XMLSchema-instance" xsi:noNamespaceSchemaLocation="https://maven.apache.org/surefire/maven-surefire-plugin/xsd/surefire-test-report-3.0.xsd" version="3.0" name="com.mycompany.portfolio_of_evidence_poe.MessageTest" time="5.708" tests="6" errors="0" skipped="0" failures="0">
  <properties>
[...]
</properties>
  <testcase name="testValidateMessageLength" classname="com.mycompany.portfolio_of_evidence_poe.MessageTest" time="0.355">
    <system-out><![CDATA[Testing validateMessageLength...
]]></system-out>
  </testcase>
  <testcase name="testGenerateMessageId" classname="com.mycompany.portfolio_of_evidence_poe.MessageTest" time="0.004">
    <system-out><![CDATA[generateMessageId
Message ID generated: 6023240695
]]></system-out>
  </testcase>
  <testcase name="testCheckRecipientCell" classname="com.mycompany.portfolio_of_evidence_poe.MessageTest" time="0.004">
    <system-out><![CDATA[checkReciepientCell
Message ID generated: 2235306349
Entered Recipient: 0987654321
Cell phone successfully captured
Message ID generated: 2235306349
Message ID generated: 5504840994
Entered Recipient: 1234567890
Cell phone number incorrectly formatted or does not contain an international code. Please correct the number and try again.
Message ID generated: 6535592074
Entered Recipient: null
Recipient number cannot be empty
]]></system-out>
  </testcase>
  <testcase name="testSendMessage" classname="com.mycompany.portfolio_of_evidence_poe.MessageTest" time="5.32">
    <system-out><![CDATA[sendMessage
Message ID generated: 3899943201
]]></system-out>
  </testcase>
  <testcase name="TaskSendMessages" classname="com.mycompany.portfolio_of_evidence_poe.MessageTest" time="0.004">
    <system-out><![CDATA[=== Sending Message 1 ===
Sending message to +27718693002
Message ID: 374904392
Message Number: Hi mike, can you join us for dinner tonight
Send messages: Sent

Sending message to +27718693002
Message ID: 942923372
Message Number: Hi mike, can you join us for dinner tonight
Send messages: Sent

Total number of messages sent (message 1): 2
All message IDs (message 1): [374904392, 942923372]

=== Sending Message 2 ===
Sending message to 08575975889
Message ID: 690566815
Message Number: Hi keegan did you recieve the payment?
Send messages: Sent

Total number of messages sent (message 2): 1
All message IDs (message 2): [690566815]

Total number of messages sent (overall): 3
]]></system-out>
  </testcase>
  <testcase name="testCreateMessageHash" classname="com.mycompany.portfolio_of_evidence_poe.MessageTest" time="0.012">
    <system-out><![CDATA[createMessageHash
Message ID generated: 1887155494
Message ID generated: 1794823532
Message ID generated: 3497793548
Received Message Number: 1
Created Message Hash: 34:2:PROGMONDAY
Received Message Number: 1
Created Message Hash: 34:3:ASSIGNMENTASSIGNMENT
Received Message Number: 1
Created Message Hash: 34:4:TRYGITHUB
]]></system-out>
  </testcase>
</testsuite>